#
# There is insufficient memory for the Java Runtime Environment to continue.
# Native memory allocation (malloc) failed to allocate 1170576 bytes for Chunk::new
# Possible reasons:
#   The system is out of physical RAM or swap space
#   The process is running with CompressedOops enabled, and the Java Heap may be blocking the growth of the native heap
# Possible solutions:
#   Reduce memory load on the system
#   Increase physical memory or swap space
#   Check if swap backing store is full
#   Decrease Java heap size (-Xmx/-Xms)
#   Decrease number of Java threads
#   Decrease Java thread stack sizes (-Xss)
#   Set larger code cache with -XX:ReservedCodeCacheSize=
#   JVM is running with Unscaled Compressed Oops mode in which the Java heap is
#     placed in the first 4GB address space. The Java Heap base address is the
#     maximum limit for the native heap growth. Please use -XX:HeapBaseMinAddress
#     to set the Java Heap base and to place the Java Heap above 4GB virtual address.
# This output file may be truncated or incomplete.
#
#  Out of Memory Error (allocation.cpp:389), pid=11436, tid=0x0000000000001ff0
#
# JRE version: OpenJDK Runtime Environment (8.0_242-b01) (build 1.8.0_242-release-1644-b01)
# Java VM: OpenJDK 64-Bit Server VM (25.242-b01 mixed mode windows-amd64 compressed oops)
# Failed to write core dump. Minidumps are not enabled by default on client versions of Windows
#

---------------  T H R E A D  ---------------

Current thread (0x0000000019ed8000):  JavaThread "C2 CompilerThread1" daemon [_thread_in_native, id=8176, stack(0x000000001a8a0000,0x000000001a9a0000)]

Stack: [0x000000001a8a0000,0x000000001a9a0000]
[error occurred during error reporting (printing stack bounds), id 0xc0000005]

Native frames: (J=compiled Java code, j=interpreted, Vv=VM code, C=native code)


Current CompileTask:
C2: 457698 23372 %     4       com.android.tools.r8.ir.optimize.a0::a @ 13 (425 bytes)


---------------  P R O C E S S  ---------------

Java Threads: ( => current thread )
  0x0000000032bb4800 JavaThread "Thread-502" [_thread_in_native, id=3632, stack(0x000000003e630000,0x000000003e730000)]
  0x0000000032bb8000 JavaThread "stdout" [_thread_in_native, id=17044, stack(0x000000003df60000,0x000000003e060000)]
  0x0000000032bba800 JavaThread "stderr" [_thread_in_native, id=4720, stack(0x000000003de60000,0x000000003df60000)]
  0x0000000032bb7800 JavaThread "stdout" [_thread_in_native, id=9804, stack(0x000000003dd60000,0x000000003de60000)]
  0x0000000032bac000 JavaThread "stderr" [_thread_in_native, id=11572, stack(0x000000003dc60000,0x000000003dd60000)]
  0x0000000032bad800 JavaThread "stdout" [_thread_in_native, id=16564, stack(0x000000003db60000,0x000000003dc60000)]
  0x0000000032bb2000 JavaThread "stderr" [_thread_in_native, id=2352, stack(0x000000003da60000,0x000000003db60000)]
  0x0000000032bb0800 JavaThread "stdout" [_thread_in_native, id=12972, stack(0x000000003d960000,0x000000003da60000)]
  0x0000000032baf000 JavaThread "stderr" [_thread_in_native, id=1288, stack(0x000000003d860000,0x000000003d960000)]
  0x0000000032bb0000 JavaThread "stdout" [_thread_in_native, id=13428, stack(0x000000003d760000,0x000000003d860000)]
  0x0000000032bb3000 JavaThread "stderr" [_thread_in_native, id=9248, stack(0x000000003d660000,0x000000003d760000)]
  0x0000000032bb1800 JavaThread "stdout" [_thread_in_native, id=5560, stack(0x000000003d560000,0x000000003d660000)]
  0x0000000032bad000 JavaThread "stderr" [_thread_in_native, id=6912, stack(0x000000003d460000,0x000000003d560000)]
  0x0000000032bab800 JavaThread "stdout" [_thread_in_native, id=16640, stack(0x000000003d360000,0x000000003d460000)]
  0x0000000032bae800 JavaThread "stderr" [_thread_in_native, id=7800, stack(0x000000003d260000,0x000000003d360000)]
  0x000000001a1c0000 JavaThread "stdout" [_thread_in_native, id=15192, stack(0x000000003d160000,0x000000003d260000)]
  0x000000001a1be800 JavaThread "stderr" [_thread_in_native, id=10120, stack(0x000000003d060000,0x000000003d160000)]
  0x000000001a1bf000 JavaThread "pool-8-thread-1" [_thread_blocked, id=9364, stack(0x000000003cf60000,0x000000003d060000)]
  0x000000001a1c1800 JavaThread "MarlinRenderer Disposer" daemon [_thread_blocked, id=15800, stack(0x000000003ce60000,0x000000003cf60000)]
  0x000000001a1c0800 JavaThread "Java2D Disposer" daemon [_thread_blocked, id=7344, stack(0x000000003bac0000,0x000000003bbc0000)]
  0x000000001a1bd000 JavaThread "WorkerExecutor Queue Thread 8" [_thread_blocked, id=9112, stack(0x000000003b6c0000,0x000000003b7c0000)]
  0x000000001a1b5800 JavaThread "WorkerExecutor Queue Thread 7" [_thread_blocked, id=8540, stack(0x000000003b5c0000,0x000000003b6c0000)]
  0x000000001a1bc000 JavaThread "WorkerExecutor Queue Thread 6" [_thread_blocked, id=12060, stack(0x000000003b4c0000,0x000000003b5c0000)]
  0x000000001a1bb800 JavaThread "WorkerExecutor Queue Thread 5" [_thread_blocked, id=13104, stack(0x000000003b3c0000,0x000000003b4c0000)]
  0x000000001a1b3800 JavaThread "WorkerExecutor Queue Thread 4" [_thread_blocked, id=10000, stack(0x000000003b2c0000,0x000000003b3c0000)]
  0x000000001a1ba800 JavaThread "WorkerExecutor Queue Thread 3" [_thread_blocked, id=1704, stack(0x000000003b1c0000,0x000000003b2c0000)]
  0x000000001a1b3000 JavaThread "WorkerExecutor Queue Thread 2" [_thread_blocked, id=15320, stack(0x000000003b0c0000,0x000000003b1c0000)]
  0x000000001a1ba000 JavaThread "WorkerExecutor Queue" [_thread_blocked, id=2292, stack(0x000000003ad40000,0x000000003ae40000)]
  0x000000001a1b8800 JavaThread "Cache worker for execution history cache (C:\Users\a-t-g\AndroidStudioProjects\BarcodeReader\.gradle\6.5\executionHistory)" [_thread_blocked, id=6028, stack(0x000000003ac40000,0x000000003ad40000)]
  0x000000001a1b4800 JavaThread "Execution worker for ':' Thread 7" [_thread_blocked, id=2900, stack(0x000000003a850000,0x000000003a950000)]
  0x000000002fca0000 JavaThread "Execution worker for ':' Thread 6" [_thread_blocked, id=4140, stack(0x000000003a750000,0x000000003a850000)]
  0x000000002fc9f000 JavaThread "Execution worker for ':' Thread 5" [_thread_blocked, id=11700, stack(0x000000003a650000,0x000000003a750000)]
  0x000000002fc9e800 JavaThread "Execution worker for ':' Thread 4" [_thread_blocked, id=15016, stack(0x0000000034ad0000,0x0000000034bd0000)]
  0x000000002fc9c000 JavaThread "Execution worker for ':' Thread 3" [_thread_blocked, id=13996, stack(0x0000000033960000,0x0000000033a60000)]
  0x000000002fc9b800 JavaThread "Execution worker for ':' Thread 2" [_thread_blocked, id=7228, stack(0x0000000033620000,0x0000000033720000)]
  0x000000002fc9a800 JavaThread "Execution worker for ':'" [_thread_blocked, id=12220, stack(0x000000002efb0000,0x000000002f0b0000)]
  0x000000002fc9d000 JavaThread "Cache worker for file content cache (C:\Users\a-t-g\AndroidStudioProjects\BarcodeReader\.gradle\6.5\fileContent)" [_thread_blocked, id=14716, stack(0x000000002dfb0000,0x000000002e0b0000)]
  0x000000002fc9d800 JavaThread "Cache worker for Build Output Cleanup Cache (C:\Users\a-t-g\AndroidStudioProjects\BarcodeReader\.gradle\buildOutputCleanup)" [_thread_blocked, id=5512, stack(0x000000002deb0000,0x000000002dfb0000)]
  0x000000002fc9a000 JavaThread "jar transforms Thread 339" [_thread_blocked, id=3284, stack(0x000000002ddb0000,0x000000002deb0000)]
  0x000000001cca1800 JavaThread "jar transforms Thread 338" [_thread_blocked, id=6564, stack(0x000000002d8b0000,0x000000002d9b0000)]
  0x000000001cca0800 JavaThread "jar transforms Thread 337" [_thread_blocked, id=13592, stack(0x000000002c590000,0x000000002c690000)]
  0x000000001cca3000 JavaThread "jar transforms Thread 336" [_thread_blocked, id=2532, stack(0x000000002c490000,0x000000002c590000)]
  0x000000001cc9d800 JavaThread "jar transforms Thread 335" [_thread_blocked, id=11148, stack(0x000000002c190000,0x000000002c290000)]
  0x000000001cc9c000 JavaThread "jar transforms Thread 334" [_thread_blocked, id=16144, stack(0x000000002c090000,0x000000002c190000)]
  0x000000001fdb0800 JavaThread "jar transforms Thread 333" [_thread_blocked, id=2184, stack(0x000000002bf90000,0x000000002c090000)]
  0x000000001fdaf800 JavaThread "jar transforms Thread 332" [_thread_blocked, id=3688, stack(0x000000002be90000,0x000000002bf90000)]
  0x000000001fdb1000 JavaThread "jar transforms Thread 331" [_thread_blocked, id=15220, stack(0x000000002bd90000,0x000000002be90000)]
  0x000000001fdae000 JavaThread "jar transforms Thread 330" [_thread_blocked, id=7760, stack(0x000000002bc90000,0x000000002bd90000)]
  0x000000001fda6000 JavaThread "jar transforms Thread 329" [_thread_blocked, id=12776, stack(0x000000002bb90000,0x000000002bc90000)]
  0x000000001fdac000 JavaThread "jar transforms Thread 328" [_thread_blocked, id=5236, stack(0x000000002ba90000,0x000000002bb90000)]
  0x000000001fdac800 JavaThread "jar transforms Thread 327" [_thread_blocked, id=8532, stack(0x000000002b990000,0x000000002ba90000)]
  0x000000001fda6800 JavaThread "jar transforms Thread 326" [_thread_blocked, id=7404, stack(0x000000002b890000,0x000000002b990000)]
  0x000000001fda8000 JavaThread "jar transforms Thread 325" [_thread_blocked, id=15584, stack(0x000000002b790000,0x000000002b890000)]
  0x000000001fdaa800 JavaThread "jar transforms Thread 324" [_thread_blocked, id=9468, stack(0x000000002b690000,0x000000002b790000)]
  0x000000001fda4800 JavaThread "jar transforms Thread 323" [_thread_blocked, id=13588, stack(0x000000002b590000,0x000000002b690000)]
  0x000000001fda5000 JavaThread "jar transforms Thread 322" [_thread_blocked, id=12148, stack(0x000000002b490000,0x000000002b590000)]
  0x000000001fda9800 JavaThread "jar transforms Thread 321" [_thread_blocked, id=15668, stack(0x000000002b390000,0x000000002b490000)]
  0x000000001fda7800 JavaThread "jar transforms Thread 320" [_thread_blocked, id=9688, stack(0x000000002b290000,0x000000002b390000)]
  0x000000001cc79000 JavaThread "jar transforms Thread 319" [_thread_blocked, id=2496, stack(0x000000002b020000,0x000000002b120000)]
  0x000000001cc77000 JavaThread "jar transforms Thread 318" [_thread_blocked, id=9368, stack(0x000000002af20000,0x000000002b020000)]
  0x000000001cc78800 JavaThread "jar transforms Thread 317" [_thread_blocked, id=4888, stack(0x000000002ae20000,0x000000002af20000)]
  0x000000001cc77800 JavaThread "jar transforms Thread 316" [_thread_blocked, id=3652, stack(0x000000002ad20000,0x000000002ae20000)]
  0x000000001cc76000 JavaThread "jar transforms Thread 315" [_thread_blocked, id=7560, stack(0x000000002ac20000,0x000000002ad20000)]
  0x000000001cc75800 JavaThread "jar transforms Thread 314" [_thread_blocked, id=12600, stack(0x000000002ab20000,0x000000002ac20000)]
  0x000000001cc73000 JavaThread "jar transforms Thread 313" [_thread_blocked, id=8964, stack(0x000000002aa20000,0x000000002ab20000)]
  0x000000001cc7a000 JavaThread "jar transforms Thread 312" [_thread_blocked, id=17120, stack(0x000000002a920000,0x000000002aa20000)]
  0x000000001cc74800 JavaThread "jar transforms Thread 311" [_thread_blocked, id=5912, stack(0x000000002a820000,0x000000002a920000)]
  0x000000001cc74000 JavaThread "jar transforms Thread 310" [_thread_blocked, id=9172, stack(0x000000002a720000,0x000000002a820000)]
  0x000000001cc6b800 JavaThread "jar transforms Thread 309" [_thread_blocked, id=4268, stack(0x000000002a620000,0x000000002a720000)]
  0x000000001cc72800 JavaThread "jar transforms Thread 308" [_thread_blocked, id=15708, stack(0x000000002a520000,0x000000002a620000)]
  0x000000001cc71000 JavaThread "jar transforms Thread 307" [_thread_blocked, id=11660, stack(0x000000002a420000,0x000000002a520000)]
  0x000000001cc6c800 JavaThread "jar transforms Thread 306" [_thread_blocked, id=17232, stack(0x000000002a320000,0x000000002a420000)]
  0x000000001cc6e800 JavaThread "jar transforms Thread 305" [_thread_blocked, id=3404, stack(0x000000002a220000,0x000000002a320000)]
  0x000000001cc6e000 JavaThread "jar transforms Thread 304" [_thread_blocked, id=15300, stack(0x000000002a120000,0x000000002a220000)]
  0x000000001a0ca000 JavaThread "jar transforms Thread 303" [_thread_blocked, id=7336, stack(0x000000002a020000,0x000000002a120000)]
  0x000000001a0cb800 JavaThread "jar transforms Thread 302" [_thread_blocked, id=1264, stack(0x0000000029f20000,0x000000002a020000)]
  0x000000001a0c9800 JavaThread "jar transforms Thread 301" [_thread_blocked, id=2876, stack(0x0000000029e20000,0x0000000029f20000)]
  0x000000001a0c8800 JavaThread "jar transforms Thread 300" [_thread_blocked, id=1020, stack(0x0000000029d20000,0x0000000029e20000)]
  0x000000001a0c7000 JavaThread "jar transforms Thread 299" [_thread_blocked, id=15648, stack(0x0000000029c20000,0x0000000029d20000)]
  0x000000001a0bf800 JavaThread "jar transforms Thread 298" [_thread_blocked, id=7708, stack(0x0000000029b20000,0x0000000029c20000)]
  0x000000001a0c6800 JavaThread "jar transforms Thread 297" [_thread_blocked, id=14860, stack(0x0000000029a20000,0x0000000029b20000)]
  0x000000001a0bf000 JavaThread "jar transforms Thread 296" [_thread_blocked, id=16956, stack(0x0000000029920000,0x0000000029a20000)]
  0x000000001a0c0800 JavaThread "jar transforms Thread 295" [_thread_blocked, id=13424, stack(0x0000000029820000,0x0000000029920000)]
  0x000000001a0c5800 JavaThread "jar transforms Thread 294" [_thread_blocked, id=12040, stack(0x0000000029720000,0x0000000029820000)]
  0x000000001a0be000 JavaThread "jar transforms Thread 293" [_thread_blocked, id=10960, stack(0x0000000029620000,0x0000000029720000)]
  0x000000001a0c5000 JavaThread "jar transforms Thread 292" [_thread_blocked, id=6524, stack(0x0000000029520000,0x0000000029620000)]
  0x000000001a0c2800 JavaThread "jar transforms Thread 291" [_thread_blocked, id=6748, stack(0x0000000029420000,0x0000000029520000)]
  0x000000001a0c2000 JavaThread "jar transforms Thread 290" [_thread_blocked, id=11664, stack(0x0000000029320000,0x0000000029420000)]
  0x000000001a0c4000 JavaThread "jar transforms Thread 289" [_thread_blocked, id=1812, stack(0x0000000029220000,0x0000000029320000)]
  0x000000001a0c3800 JavaThread "jar transforms Thread 288" [_thread_blocked, id=6988, stack(0x0000000029120000,0x0000000029220000)]
  0x00000000357e4800 JavaThread "jar transforms Thread 287" [_thread_blocked, id=14960, stack(0x0000000029020000,0x0000000029120000)]
  0x00000000357e2800 JavaThread "jar transforms Thread 286" [_thread_blocked, id=4616, stack(0x0000000028f20000,0x0000000029020000)]
  0x00000000357e3800 JavaThread "jar transforms Thread 285" [_thread_blocked, id=14244, stack(0x0000000028e20000,0x0000000028f20000)]
  0x00000000357e7800 JavaThread "jar transforms Thread 284" [_thread_blocked, id=13432, stack(0x0000000028d20000,0x0000000028e20000)]
  0x00000000357e6800 JavaThread "jar transforms Thread 283" [_thread_blocked, id=2356, stack(0x0000000028c20000,0x0000000028d20000)]
  0x00000000357e5000 JavaThread "jar transforms Thread 282" [_thread_blocked, id=17280, stack(0x0000000028b20000,0x0000000028c20000)]
  0x00000000357e2000 JavaThread "jar transforms Thread 281" [_thread_blocked, id=256, stack(0x0000000028a20000,0x0000000028b20000)]
  0x00000000357e9000 JavaThread "jar transforms Thread 280" [_thread_blocked, id=15716, stack(0x0000000028920000,0x0000000028a20000)]
  0x00000000357e8000 JavaThread "jar transforms Thread 279" [_thread_blocked, id=15868, stack(0x0000000028820000,0x0000000028920000)]
  0x00000000357e6000 JavaThread "jar transforms Thread 278" [_thread_blocked, id=5704, stack(0x0000000028720000,0x0000000028820000)]
  0x00000000357dd800 JavaThread "jar transforms Thread 277" [_thread_blocked, id=12772, stack(0x0000000028620000,0x0000000028720000)]
  0x00000000357da800 JavaThread "jar transforms Thread 276" [_thread_blocked, id=12332, stack(0x0000000028520000,0x0000000028620000)]
  0x00000000357e1000 JavaThread "jar transforms Thread 275" [_thread_blocked, id=4144, stack(0x0000000028420000,0x0000000028520000)]
  0x00000000357df000 JavaThread "jar transforms Thread 274" [_thread_blocked, id=5876, stack(0x0000000028320000,0x0000000028420000)]
  0x00000000357dc800 JavaThread "jar transforms Thread 273" [_thread_blocked, id=17336, stack(0x0000000028220000,0x0000000028320000)]
  0x00000000357dc000 JavaThread "jar transforms Thread 272" [_thread_blocked, id=6444, stack(0x0000000028120000,0x0000000028220000)]
  0x00000000357e0800 JavaThread "jar transforms Thread 271" [_thread_blocked, id=9960, stack(0x0000000028020000,0x0000000028120000)]
  0x00000000357d9800 JavaThread "jar transforms Thread 270" [_thread_blocked, id=1380, stack(0x0000000027f20000,0x0000000028020000)]
  0x00000000357db000 JavaThread "jar transforms Thread 269" [_thread_blocked, id=6768, stack(0x0000000027e20000,0x0000000027f20000)]
  0x00000000357de000 JavaThread "jar transforms Thread 268" [_thread_blocked, id=7864, stack(0x0000000027d20000,0x0000000027e20000)]
  0x000000002066d800 JavaThread "jar transforms Thread 267" [_thread_blocked, id=9592, stack(0x0000000027c20000,0x0000000027d20000)]
  0x0000000020670800 JavaThread "jar transforms Thread 266" [_thread_blocked, id=12572, stack(0x0000000027b20000,0x0000000027c20000)]
  0x000000002066e800 JavaThread "jar transforms Thread 265" [_thread_blocked, id=17036, stack(0x0000000027a20000,0x0000000027b20000)]
  0x000000002066f000 JavaThread "jar transforms Thread 264" [_thread_blocked, id=10404, stack(0x0000000027920000,0x0000000027a20000)]
  0x000000002066d000 JavaThread "jar transforms Thread 263" [_thread_blocked, id=572, stack(0x0000000027820000,0x0000000027920000)]
  0x000000002066c000 JavaThread "jar transforms Thread 262" [_thread_blocked, id=8872, stack(0x0000000027720000,0x0000000027820000)]
  0x0000000020664800 JavaThread "jar transforms Thread 261" [_thread_blocked, id=2488, stack(0x0000000027620000,0x0000000027720000)]
  0x000000002066b800 JavaThread "jar transforms Thread 260" [_thread_blocked, id=12724, stack(0x0000000027520000,0x0000000027620000)]
  0x0000000020665000 JavaThread "jar transforms Thread 259" [_thread_blocked, id=15932, stack(0x0000000027420000,0x0000000027520000)]
  0x0000000020663800 JavaThread "jar transforms Thread 258" [_thread_blocked, id=11688, stack(0x0000000027320000,0x0000000027420000)]
  0x000000002066a800 JavaThread "jar transforms Thread 257" [_thread_blocked, id=4056, stack(0x0000000027220000,0x0000000027320000)]
  0x0000000020663000 JavaThread "jar transforms Thread 256" [_thread_blocked, id=2064, stack(0x0000000027120000,0x0000000027220000)]
  0x0000000020669800 JavaThread "jar transforms Thread 255" [_thread_blocked, id=7224, stack(0x0000000027020000,0x0000000027120000)]
  0x0000000020662000 JavaThread "jar transforms Thread 254" [_thread_blocked, id=8308, stack(0x0000000026f20000,0x0000000027020000)]
  0x0000000020669000 JavaThread "jar transforms Thread 253" [_thread_blocked, id=15572, stack(0x0000000026e20000,0x0000000026f20000)]
  0x0000000020661800 JavaThread "jar transforms Thread 252" [_thread_blocked, id=16424, stack(0x0000000026d20000,0x0000000026e20000)]
  0x0000000020668000 JavaThread "jar transforms Thread 251" [_thread_blocked, id=14396, stack(0x0000000026c20000,0x0000000026d20000)]
  0x0000000020667800 JavaThread "jar transforms Thread 250" [_thread_blocked, id=12464, stack(0x0000000026b20000,0x0000000026c20000)]
  0x0000000020666800 JavaThread "jar transforms Thread 249" [_thread_blocked, id=15608, stack(0x00000000268d0000,0x00000000269d0000)]
  0x0000000020666000 JavaThread "jar transforms Thread 248" [_thread_blocked, id=7196, stack(0x00000000267d0000,0x00000000268d0000)]
  0x0000000023e3d000 JavaThread "jar transforms Thread 247" [_thread_blocked, id=15316, stack(0x00000000266d0000,0x00000000267d0000)]
  0x0000000023e3c800 JavaThread "jar transforms Thread 246" [_thread_blocked, id=9340, stack(0x00000000265d0000,0x00000000266d0000)]
  0x0000000023e36800 JavaThread "jar transforms Thread 245" [_thread_blocked, id=5600, stack(0x00000000264d0000,0x00000000265d0000)]
  0x0000000023e3b800 JavaThread "jar transforms Thread 244" [_thread_blocked, id=5476, stack(0x00000000263d0000,0x00000000264d0000)]
  0x0000000023e39800 JavaThread "jar transforms Thread 243" [_thread_blocked, id=15892, stack(0x00000000262d0000,0x00000000263d0000)]
  0x0000000023e38800 JavaThread "jar transforms Thread 242" [_thread_blocked, id=3968, stack(0x00000000261d0000,0x00000000262d0000)]
  0x0000000023e34000 JavaThread "jar transforms Thread 241" [_thread_blocked, id=14588, stack(0x00000000260d0000,0x00000000261d0000)]
  0x0000000023e35000 JavaThread "jar transforms Thread 240" [_thread_blocked, id=11676, stack(0x0000000025fd0000,0x00000000260d0000)]
  0x0000000023e3b000 JavaThread "jar transforms Thread 239" [_thread_blocked, id=808, stack(0x0000000025ed0000,0x0000000025fd0000)]
  0x0000000023e35800 JavaThread "jar transforms Thread 238" [_thread_blocked, id=10772, stack(0x00000000259d0000,0x0000000025ad0000)]
  0x0000000023e3a000 JavaThread "jar transforms Thread 237" [_thread_blocked, id=608, stack(0x00000000258d0000,0x00000000259d0000)]
  0x0000000023e38000 JavaThread "jar transforms Thread 236" [_thread_blocked, id=12316, stack(0x00000000257d0000,0x00000000258d0000)]
  0x0000000023e37000 JavaThread "jar transforms Thread 235" [_thread_blocked, id=13852, stack(0x00000000256d0000,0x00000000257d0000)]
  0x0000000023e2c800 JavaThread "jar transforms Thread 234" [_thread_blocked, id=15852, stack(0x00000000255d0000,0x00000000256d0000)]
  0x0000000023e33800 JavaThread "jar transforms Thread 233" [_thread_blocked, id=10912, stack(0x00000000254d0000,0x00000000255d0000)]
  0x0000000023e2c000 JavaThread "jar transforms Thread 232" [_thread_blocked, id=14868, stack(0x00000000253d0000,0x00000000254d0000)]
  0x0000000023e32800 JavaThread "jar transforms Thread 231" [_thread_blocked, id=5860, stack(0x00000000252d0000,0x00000000253d0000)]
  0x0000000023e2b000 JavaThread "jar transforms Thread 230" [_thread_blocked, id=5632, stack(0x00000000251d0000,0x00000000252d0000)]
  0x0000000023e31000 JavaThread "jar transforms Thread 229" [_thread_blocked, id=13560, stack(0x00000000250d0000,0x00000000251d0000)]
  0x0000000023e2e000 JavaThread "jar transforms Thread 228" [_thread_blocked, id=2804, stack(0x0000000024ed0000,0x0000000024fd0000)]
  0x0000000023e29800 JavaThread "jar transforms Thread 227" [_thread_blocked, id=16908, stack(0x0000000024dd0000,0x0000000024ed0000)]
  0x0000000023e2d800 JavaThread "Build operations Thread 8" [_thread_blocked, id=10580, stack(0x0000000024cd0000,0x0000000024dd0000)]
  0x0000000023e30800 JavaThread "Build operations Thread 7" [_thread_blocked, id=15452, stack(0x0000000024bd0000,0x0000000024cd0000)]
  0x0000000023e2a800 JavaThread "Build operations Thread 6" [_thread_blocked, id=2192, stack(0x0000000024ad0000,0x0000000024bd0000)]
  0x0000000023e29000 JavaThread "Build operations Thread 5" [_thread_blocked, id=7272, stack(0x00000000249d0000,0x0000000024ad0000)]
  0x0000000023e2f800 JavaThread "Build operations Thread 4" [_thread_blocked, id=14804, stack(0x00000000248d0000,0x00000000249d0000)]
  0x0000000023e2f000 JavaThread "Build operations Thread 3" [_thread_blocked, id=10844, stack(0x00000000247d0000,0x00000000248d0000)]
  0x0000000023e21800 JavaThread "Build operations Thread 2" [_thread_blocked, id=15332, stack(0x0000000023000000,0x0000000023100000)]
  0x0000000023e28000 JavaThread "Build operations" [_thread_blocked, id=10920, stack(0x0000000022800000,0x0000000022900000)]
  0x0000000023e20800 JavaThread "Cache worker for cache directory md-rule (C:\Users\a-t-g\.gradle\caches\6.5\md-rule)" [_thread_blocked, id=10716, stack(0x00000000214a0000,0x00000000215a0000)]
  0x0000000023e27800 JavaThread "Cache worker for cache directory md-supplier (C:\Users\a-t-g\.gradle\caches\6.5\md-supplier)" [_thread_blocked, id=10180, stack(0x00000000213a0000,0x00000000214a0000)]
  0x0000000023e20000 JavaThread "Cache worker for checksums cache (C:\Users\a-t-g\AndroidStudioProjects\BarcodeReader\.gradle\checksums)" [_thread_blocked, id=8396, stack(0x000000001eec0000,0x000000001efc0000)]
  0x0000000023e26800 JavaThread "Cache worker for file hash cache (C:\Users\a-t-g\AndroidStudioProjects\BarcodeReader\.gradle\6.5\fileHashes)" [_thread_blocked, id=11484, stack(0x000000001e8c0000,0x000000001e9c0000)]
  0x0000000023e23000 JavaThread "Thread-357" [_thread_blocked, id=16952, stack(0x000000001e7c0000,0x000000001e8c0000)]
  0x0000000023e25000 JavaThread "Stdin handler" [_thread_blocked, id=17020, stack(0x000000001e6c0000,0x000000001e7c0000)]
  0x0000000023e26000 JavaThread "Asynchronous log dispatcher for DefaultDaemonConnection: socket connection from /127.0.0.1:60797 to /127.0.0.1:61175" [_thread_blocked, id=13676, stack(0x000000001e5c0000,0x000000001e6c0000)]
  0x0000000023e1f000 JavaThread "Daemon worker Thread 3" [_thread_blocked, id=7732, stack(0x000000001e2c0000,0x000000001e3c0000)]
  0x0000000023e22000 JavaThread "Cancel handler" [_thread_blocked, id=4992, stack(0x000000001dc80000,0x000000001dd80000)]
  0x0000000023e23800 JavaThread "Handler for socket connection from /127.0.0.1:60797 to /127.0.0.1:61175" [_thread_in_native, id=11980, stack(0x000000001db80000,0x000000001dc80000)]
  0x0000000023e24800 JavaThread "Daemon Thread 3" [_thread_blocked, id=15552, stack(0x0000000000fd0000,0x00000000010d0000)]
  0x0000000020670000 JavaThread "Memory manager" [_thread_blocked, id=7340, stack(0x0000000026a20000,0x0000000026b20000)]
  0x000000001cc9e800 JavaThread "Cache worker for file content cache (C:\Users\a-t-g\.gradle\caches\6.5\fileContent)" [_thread_blocked, id=3860, stack(0x0000000023100000,0x0000000023200000)]
  0x000000001cc9d000 JavaThread "Cache worker for execution history cache (C:\Users\a-t-g\.gradle\caches\6.5\executionHistory)" [_thread_blocked, id=3144, stack(0x0000000022900000,0x0000000022a00000)]
  0x000000001cca2000 JavaThread "Cache worker for file hash cache (C:\Users\a-t-g\.gradle\caches\6.5\fileHashes)" [_thread_blocked, id=5592, stack(0x000000001edc0000,0x000000001eec0000)]
  0x000000001cca0000 JavaThread "File lock request listener" [_thread_in_native, id=9772, stack(0x000000001ecc0000,0x000000001edc0000)]
  0x000000001cb10000 JavaThread "Cache worker for journal cache (C:\Users\a-t-g\.gradle\caches\journal-1)" [_thread_blocked, id=12336, stack(0x000000001ebc0000,0x000000001ecc0000)]
  0x000000001c9e5000 JavaThread "Daemon periodic checks" [_thread_blocked, id=9648, stack(0x000000001dfc0000,0x000000001e0c0000)]
  0x000000001c99b000 JavaThread "Incoming local TCP Connector on port 60797" [_thread_in_native, id=15732, stack(0x000000001dd80000,0x000000001de80000)]
  0x000000001c923800 JavaThread "Daemon health stats" [_thread_blocked, id=3936, stack(0x000000001d740000,0x000000001d840000)]
  0x0000000019f6a800 JavaThread "Service Thread" daemon [_thread_blocked, id=5612, stack(0x000000001aba0000,0x000000001aca0000)]
  0x0000000019ee1800 JavaThread "C1 CompilerThread3" daemon [_thread_blocked, id=11680, stack(0x000000001aaa0000,0x000000001aba0000)]
  0x0000000019edd800 JavaThread "C2 CompilerThread2" daemon [_thread_in_native, id=1176, stack(0x000000001a9a0000,0x000000001aaa0000)]
=>0x0000000019ed8000 JavaThread "C2 CompilerThread1" daemon [_thread_in_native, id=8176, stack(0x000000001a8a0000,0x000000001a9a0000)]
  0x0000000019ed4800 JavaThread "C2 CompilerThread0" daemon [_thread_in_native, id=13440, stack(0x000000001a7a0000,0x000000001a8a0000)]
  0x0000000019ed3800 JavaThread "Attach Listener" daemon [_thread_blocked, id=13556, stack(0x000000001a6a0000,0x000000001a7a0000)]
  0x0000000019ed6000 JavaThread "Signal Dispatcher" daemon [_thread_blocked, id=3312, stack(0x000000001a5a0000,0x000000001a6a0000)]
  0x0000000019ec0800 JavaThread "Finalizer" daemon [_thread_blocked, id=13512, stack(0x000000001a3a0000,0x000000001a4a0000)]
  0x00000000180bc000 JavaThread "Reference Handler" daemon [_thread_blocked, id=1456, stack(0x000000001a2a0000,0x000000001a3a0000)]
  0x0000000002f4e000 JavaThread "main" [_thread_blocked, id=2640, stack(0x0000000002da0000,0x0000000002ea0000)]

Other Threads:
  0x00000000180b7800 VMThread [stack: 0x0000000019da0000,0x0000000019ea0000] [id=8076]
  0x0000000019f6b000 WatcherThread [stack: 0x000000001aca0000,0x000000001ada0000] [id=10056]

VM state:not at safepoint (normal execution)

VM Mutex/Monitor currently owned by a thread: None

heap address: 0x0000000080000000, size: 2048 MB, Compressed Oops mode: 32-bit
Narrow klass base: 0x0000000000000000, Narrow klass shift: 3
Compressed class space size: 1073741824 Address: 0x0000000100000000

Heap:
 PSYoungGen      total 596480K, used 223875K [0x00000000d5580000, 0x0000000100000000, 0x0000000100000000)
  eden space 550400K, 32% used [0x00000000d5580000,0x00000000e0322ef8,0x00000000f6f00000)
  from space 46080K, 99% used [0x00000000fd300000,0x00000000ffffe010,0x0000000100000000)
  to   space 74240K, 0% used [0x00000000f6f00000,0x00000000f6f00000,0x00000000fb780000)
 ParOldGen       total 292352K, used 102162K [0x0000000080000000, 0x0000000091d80000, 0x00000000d5580000)
  object space 292352K, 34% used [0x0000000080000000,0x00000000863c4a58,0x0000000091d80000)
 Metaspace       used 116370K, capacity 123042K, committed 123288K, reserved 1157120K
  class space    used 15040K, capacity 16296K, committed 16304K, reserved 1048576K

Card table byte_map: [0x0000000012410000,0x0000000012820000] byte_map_base: 0x0000000012010000

Marking Bits: (ParMarkBitMap*) 0x0000000063eef030
 Begin Bits: [0x00000000132d0000, 0x00000000152d0000)
 End Bits:   [0x00000000152d0000, 0x00000000172d0000)

Polling page: 0x0000000001460000

CodeCache: size=245760Kb used=66470Kb max_used=66516Kb free=179289Kb
 bounds [0x0000000003050000, 0x0000000007260000, 0x0000000012050000]
 total_blobs=20502 nmethods=19429 adapters=982
 compilation: enabled

Compilation events (10 events):
Event: 456.966 Thread 0x0000000019ed8000 nmethod 24109 0x0000000006f00010 code [0x0000000006f00180, 0x0000000006f00478]
Event: 456.966 Thread 0x0000000019ed8000 23453       4       com.android.tools.r8.s.b.U0::a (376 bytes)
Event: 456.967 Thread 0x0000000019ee1800 24110       2       java.util.Formatter$Flags::parse (67 bytes)
Event: 456.967 Thread 0x0000000019ee1800 nmethod 24110 0x0000000006eff790 code [0x0000000006eff940, 0x0000000006effd38]
Event: 457.153 Thread 0x0000000019ed8000 nmethod 23453 0x0000000006f19390 code [0x0000000006f19720, 0x0000000006f1c2e0]
Event: 457.154 Thread 0x0000000019ed8000 24111   !   4       java.net.URL::<init> (543 bytes)
Event: 457.512 Thread 0x0000000019edd800 nmethod 23782% 0x0000000007228410 code [0x0000000007228a00, 0x0000000007233e90]
Event: 457.512 Thread 0x0000000019ed8000 nmethod 24111 0x0000000007242690 code [0x0000000007242b80, 0x0000000007248ed0]
Event: 457.513 Thread 0x0000000019ed8000 23372 %     4       com.android.tools.r8.ir.optimize.a0::a @ 13 (425 bytes)
Event: 457.513 Thread 0x0000000019edd800 23374 %     4       com.android.tools.r8.ir.conversion.N::a @ 1600 (3065 bytes)

GC Heap History (10 events):
Event: 238.184 GC heap before
{Heap before GC invocations=26 (full 3):
 PSYoungGen      total 655360K, used 25983K [0x00000000d5580000, 0x00000000ffe80000, 0x0000000100000000)
  eden space 614400K, 2% used [0x00000000d5580000,0x00000000d622de70,0x00000000fad80000)
  from space 40960K, 31% used [0x00000000fd680000,0x00000000fe331db8,0x00000000ffe80000)
  to   space 41472K, 0% used [0x00000000fad80000,0x00000000fad80000,0x00000000fd600000)
 ParOldGen       total 208384K, used 152171K [0x0000000080000000, 0x000000008cb80000, 0x00000000d5580000)
  object space 208384K, 73% used [0x0000000080000000,0x000000008949aee8,0x000000008cb80000)
 Metaspace       used 92019K, capacity 98432K, committed 98600K, reserved 1134592K
  class space    used 12261K, capacity 13375K, committed 13488K, reserved 1048576K
Event: 238.190 GC heap after
Heap after GC invocations=26 (full 3):
 PSYoungGen      total 655872K, used 6054K [0x00000000d5580000, 0x00000000fff80000, 0x0000000100000000)
  eden space 614400K, 0% used [0x00000000d5580000,0x00000000d5580000,0x00000000fad80000)
  from space 41472K, 14% used [0x00000000fad80000,0x00000000fb369be0,0x00000000fd600000)
  to   space 40960K, 0% used [0x00000000fd780000,0x00000000fd780000,0x00000000fff80000)
 ParOldGen       total 208384K, used 152179K [0x0000000080000000, 0x000000008cb80000, 0x00000000d5580000)
  object space 208384K, 73% used [0x0000000080000000,0x000000008949cee8,0x000000008cb80000)
 Metaspace       used 92019K, capacity 98432K, committed 98600K, reserved 1134592K
  class space    used 12261K, capacity 13375K, committed 13488K, reserved 1048576K
}
Event: 238.190 GC heap before
{Heap before GC invocations=27 (full 4):
 PSYoungGen      total 655872K, used 6054K [0x00000000d5580000, 0x00000000fff80000, 0x0000000100000000)
  eden space 614400K, 0% used [0x00000000d5580000,0x00000000d5580000,0x00000000fad80000)
  from space 41472K, 14% used [0x00000000fad80000,0x00000000fb369be0,0x00000000fd600000)
  to   space 40960K, 0% used [0x00000000fd780000,0x00000000fd780000,0x00000000fff80000)
 ParOldGen       total 208384K, used 152179K [0x0000000080000000, 0x000000008cb80000, 0x00000000d5580000)
  object space 208384K, 73% used [0x0000000080000000,0x000000008949cee8,0x000000008cb80000)
 Metaspace       used 92019K, capacity 98432K, committed 98600K, reserved 1134592K
  class space    used 12261K, capacity 13375K, committed 13488K, reserved 1048576K
Event: 238.354 GC heap after
Heap after GC invocations=27 (full 4):
 PSYoungGen      total 655872K, used 0K [0x00000000d5580000, 0x00000000fff80000, 0x0000000100000000)
  eden space 614400K, 0% used [0x00000000d5580000,0x00000000d5580000,0x00000000fad80000)
  from space 41472K, 0% used [0x00000000fad80000,0x00000000fad80000,0x00000000fd600000)
  to   space 40960K, 0% used [0x00000000fd780000,0x00000000fd780000,0x00000000fff80000)
 ParOldGen       total 292352K, used 61528K [0x0000000080000000, 0x0000000091d80000, 0x00000000d5580000)
  object space 292352K, 21% used [0x0000000080000000,0x0000000083c16138,0x0000000091d80000)
 Metaspace       used 91129K, capacity 96048K, committed 98600K, reserved 1134592K
  class space    used 11954K, capacity 12835K, committed 13488K, reserved 1048576K
}
Event: 449.207 GC heap before
{Heap before GC invocations=28 (full 4):
 PSYoungGen      total 655872K, used 614400K [0x00000000d5580000, 0x00000000fff80000, 0x0000000100000000)
  eden space 614400K, 100% used [0x00000000d5580000,0x00000000fad80000,0x00000000fad80000)
  from space 41472K, 0% used [0x00000000fad80000,0x00000000fad80000,0x00000000fd600000)
  to   space 40960K, 0% used [0x00000000fd780000,0x00000000fd780000,0x00000000fff80000)
 ParOldGen       total 292352K, used 61528K [0x0000000080000000, 0x0000000091d80000, 0x00000000d5580000)
  object space 292352K, 21% used [0x0000000080000000,0x0000000083c16138,0x0000000091d80000)
 Metaspace       used 109585K, capacity 115950K, committed 116248K, reserved 1150976K
  class space    used 14290K, capacity 15500K, committed 15664K, reserved 1048576K
Event: 449.232 GC heap after
Heap after GC invocations=28 (full 4):
 PSYoungGen      total 647680K, used 37311K [0x00000000d5580000, 0x0000000100000000, 0x0000000100000000)
  eden space 606720K, 0% used [0x00000000d5580000,0x00000000d5580000,0x00000000fa600000)
  from space 40960K, 91% used [0x00000000fd780000,0x00000000ffbefc90,0x00000000fff80000)
  to   space 46080K, 0% used [0x00000000fa600000,0x00000000fa600000,0x00000000fd300000)
 ParOldGen       total 292352K, used 61544K [0x0000000080000000, 0x0000000091d80000, 0x00000000d5580000)
  object space 292352K, 21% used [0x0000000080000000,0x0000000083c1a138,0x0000000091d80000)
 Metaspace       used 109585K, capacity 115950K, committed 116248K, reserved 1150976K
  class space    used 14290K, capacity 15500K, committed 15664K, reserved 1048576K
}
Event: 452.624 GC heap before
{Heap before GC invocations=29 (full 4):
 PSYoungGen      total 647680K, used 644031K [0x00000000d5580000, 0x0000000100000000, 0x0000000100000000)
  eden space 606720K, 100% used [0x00000000d5580000,0x00000000fa600000,0x00000000fa600000)
  from space 40960K, 91% used [0x00000000fd780000,0x00000000ffbefc90,0x00000000fff80000)
  to   space 46080K, 0% used [0x00000000fa600000,0x00000000fa600000,0x00000000fd300000)
 ParOldGen       total 292352K, used 61544K [0x0000000080000000, 0x0000000091d80000, 0x00000000d5580000)
  object space 292352K, 21% used [0x0000000080000000,0x0000000083c1a138,0x0000000091d80000)
 Metaspace       used 115246K, capacity 121940K, committed 122136K, reserved 1155072K
  class space    used 14894K, capacity 16155K, committed 16176K, reserved 1048576K
Event: 452.662 GC heap after
Heap after GC invocations=29 (full 4):
 PSYoungGen      total 652800K, used 45933K [0x00000000d5580000, 0x0000000100000000, 0x0000000100000000)
  eden space 606720K, 0% used [0x00000000d5580000,0x00000000d5580000,0x00000000fa600000)
  from space 46080K, 99% used [0x00000000fa600000,0x00000000fd2db688,0x00000000fd300000)
  to   space 46080K, 0% used [0x00000000fd300000,0x00000000fd300000,0x0000000100000000)
 ParOldGen       total 292352K, used 61552K [0x0000000080000000, 0x0000000091d80000, 0x00000000d5580000)
  object space 292352K, 21% used [0x0000000080000000,0x0000000083c1c138,0x0000000091d80000)
 Metaspace       used 115246K, capacity 121940K, committed 122136K, reserved 1155072K
  class space    used 14894K, capacity 16155K, committed 16176K, reserved 1048576K
}
Event: 455.289 GC heap before
{Heap before GC invocations=30 (full 4):
 PSYoungGen      total 652800K, used 652653K [0x00000000d5580000, 0x0000000100000000, 0x0000000100000000)
  eden space 606720K, 100% used [0x00000000d5580000,0x00000000fa600000,0x00000000fa600000)
  from space 46080K, 99% used [0x00000000fa600000,0x00000000fd2db688,0x00000000fd300000)
  to   space 46080K, 0% used [0x00000000fd300000,0x00000000fd300000,0x0000000100000000)
 ParOldGen       total 292352K, used 61552K [0x0000000080000000, 0x0000000091d80000, 0x00000000d5580000)
  object space 292352K, 21% used [0x0000000080000000,0x0000000083c1c138,0x0000000091d80000)
 Metaspace       used 115447K, capacity 122154K, committed 122264K, reserved 1155072K
  class space    used 14907K, capacity 16196K, committed 16304K, reserved 1048576K
Event: 455.394 GC heap after
Heap after GC invocations=30 (full 4):
 PSYoungGen      total 596480K, used 46072K [0x00000000d5580000, 0x0000000100000000, 0x0000000100000000)
  eden space 550400K, 0% used [0x00000000d5580000,0x00000000d5580000,0x00000000f6f00000)
  from space 46080K, 99% used [0x00000000fd300000,0x00000000ffffe010,0x0000000100000000)
  to   space 74240K, 0% used [0x00000000f6f00000,0x00000000f6f00000,0x00000000fb780000)
 ParOldGen       total 292352K, used 102162K [0x0000000080000000, 0x0000000091d80000, 0x00000000d5580000)
  object space 292352K, 34% used [0x0000000080000000,0x00000000863c4a58,0x0000000091d80000)
 Metaspace       used 115447K, capacity 122154K, committed 122264K, reserved 1155072K
  class space    used 14907K, capacity 16196K, committed 16304K, reserved 1048576K
}

Deoptimization events (10 events):
Event: 455.119 Thread 0x000000002fc9a800 Uncommon trap: reason=class_check action=maybe_recompile pc=0x0000000003302878 method=com.google.common.collect.CompactHashMap$Itr.<init>(Lcom/google/common/collect/CompactHashMap;)V @ 25
Event: 455.120 Thread 0x000000002fc9a800 Uncommon trap: reason=class_check action=maybe_recompile pc=0x0000000003302878 method=com.google.common.collect.CompactHashMap$Itr.<init>(Lcom/google/common/collect/CompactHashMap;)V @ 25
Event: 455.120 Thread 0x000000002fc9a800 Uncommon trap: reason=class_check action=maybe_recompile pc=0x0000000003302878 method=com.google.common.collect.CompactHashMap$Itr.<init>(Lcom/google/common/collect/CompactHashMap;)V @ 25
Event: 455.120 Thread 0x000000002fc9a800 Uncommon trap: reason=class_check action=maybe_recompile pc=0x0000000003302878 method=com.google.common.collect.CompactHashMap$Itr.<init>(Lcom/google/common/collect/CompactHashMap;)V @ 25
Event: 455.133 Thread 0x000000002fc9a800 Uncommon trap: reason=predicate action=maybe_recompile pc=0x0000000006dd9ad8 method=java.util.TimSort.mergeHi(IIII)V @ 191
Event: 455.134 Thread 0x000000002fc9a800 Uncommon trap: reason=unstable_if action=reinterpret pc=0x00000000063f026c method=java.io.ObjectOutputStream$BlockDataOutputStream.writeBytes(Ljava/lang/String;)V @ 22
Event: 456.840 Thread 0x000000002fc9a800 Uncommon trap: reason=unstable_if action=reinterpret pc=0x0000000006f7cbe0 method=org.gradle.api.internal.AbstractTask.notifyProjectAccess()V @ 7
Event: 456.967 Thread 0x000000002fc9a800 Uncommon trap: reason=unstable_if action=reinterpret pc=0x000000000699f280 method=java.util.Formatter$Flags.parse(Ljava/lang/String;)Ljava/util/Formatter$Flags; @ 19
Event: 456.967 Thread 0x000000002fc9a800 Uncommon trap: reason=unstable_if action=reinterpret pc=0x00000000068b915c method=java.util.Formatter$FormatSpecifier.justify(Ljava/lang/String;)Ljava/lang/String; @ 5
Event: 456.967 Thread 0x000000002fc9a800 Uncommon trap: reason=unstable_if action=reinterpret pc=0x00000000048a98d0 method=java.util.regex.Pattern.range(Ljava/util/regex/Pattern$BitClass;)Ljava/util/regex/Pattern$CharProperty; @ 168

Classes redefined (0 events):
No events

Internal exceptions (10 events):
Event: 456.834 Thread 0x000000002fc9a800 Exception <a 'sun/nio/fs/WindowsException'> (0x00000000df9ff128) thrown at [C:\src\AOSP-openjdk-git\hotspot\src\share\vm\prims\jni.cpp, line 710]
Event: 456.834 Thread 0x000000002fc9a800 Exception <a 'sun/nio/fs/WindowsException'> (0x00000000df9ffe30) thrown at [C:\src\AOSP-openjdk-git\hotspot\src\share\vm\prims\jni.cpp, line 710]
Event: 456.835 Thread 0x000000002fc9a800 Exception <a 'sun/nio/fs/WindowsException'> (0x00000000dfa01bd8) thrown at [C:\src\AOSP-openjdk-git\hotspot\src\share\vm\prims\jni.cpp, line 710]
Event: 456.835 Thread 0x000000002fc9a800 Exception <a 'sun/nio/fs/WindowsException'> (0x00000000dfa028e0) thrown at [C:\src\AOSP-openjdk-git\hotspot\src\share\vm\prims\jni.cpp, line 710]
Event: 456.835 Thread 0x000000002fc9a800 Exception <a 'sun/nio/fs/WindowsException'> (0x00000000dfa04688) thrown at [C:\src\AOSP-openjdk-git\hotspot\src\share\vm\prims\jni.cpp, line 710]
Event: 456.835 Thread 0x000000002fc9a800 Exception <a 'sun/nio/fs/WindowsException'> (0x00000000dfa05388) thrown at [C:\src\AOSP-openjdk-git\hotspot\src\share\vm\prims\jni.cpp, line 710]
Event: 456.835 Thread 0x000000002fc9a800 Exception <a 'sun/nio/fs/WindowsException'> (0x00000000dfa07130) thrown at [C:\src\AOSP-openjdk-git\hotspot\src\share\vm\prims\jni.cpp, line 710]
Event: 456.836 Thread 0x000000002fc9a800 Exception <a 'sun/nio/fs/WindowsException'> (0x00000000dfa07e38) thrown at [C:\src\AOSP-openjdk-git\hotspot\src\share\vm\prims\jni.cpp, line 710]
Event: 456.836 Thread 0x000000002fc9a800 Exception <a 'sun/nio/fs/WindowsException'> (0x00000000dfa09be0) thrown at [C:\src\AOSP-openjdk-git\hotspot\src\share\vm\prims\jni.cpp, line 710]
Event: 456.837 Thread 0x000000002fc9a800 Exception <a 'sun/nio/fs/WindowsException'> (0x00000000dfa0a8e8) thrown at [C:\src\AOSP-openjdk-git\hotspot\src\share\vm\prims\jni.cpp, line 710]

Events (10 events):
Event: 457.018 loading class kotlin/concurrent/ThreadsKt$thread$thread$1 done
Event: 457.019 Thread 0x0000000032bb4800 Thread added: 0x0000000032bb4800
Event: 457.022 loading class org/jetbrains/kotlin/daemon/client/KotlinCompilerClient$startDaemon$stdoutThread$1$1
Event: 457.022 loading class org/jetbrains/kotlin/daemon/client/KotlinCompilerClient$startDaemon$stdoutThread$1$1 done
Event: 457.022 Executing VM operation: RevokeBias
Event: 457.023 Executing VM operation: RevokeBias done
Event: 457.154 Thread 0x0000000019ed8000 flushing nmethod 0x00000000032d5010
Event: 457.154 Thread 0x0000000019ed8000 flushing nmethod 0x00000000033c0990
Event: 457.513 Thread 0x0000000019edd800 flushing nmethod 0x0000000003573690
Event: 457.513 Thread 0x0000000019edd800 flushing nmethod 0x0000000003575e50


Dynamic libraries:
0x00007ff6dec70000 - 0x00007ff6deca1000 	C:\Program Files\Android\Android Studio\jre\bin\java.exe
0x00007ffcd6c30000 - 0x00007ffcd6e26000 	C:\Windows\SYSTEM32\ntdll.dll
0x00007ffcd6130000 - 0x00007ffcd61ed000 	C:\Windows\System32\KERNEL32.DLL
0x00007ffcd4370000 - 0x00007ffcd4638000 	C:\Windows\System32\KERNELBASE.dll
0x00007ffcd5f60000 - 0x00007ffcd600c000 	C:\Windows\System32\ADVAPI32.dll
0x00007ffcd4da0000 - 0x00007ffcd4e3e000 	C:\Windows\System32\msvcrt.dll
0x00007ffcd4d00000 - 0x00007ffcd4d9b000 	C:\Windows\System32\sechost.dll
0x00007ffcd5350000 - 0x00007ffcd5474000 	C:\Windows\System32\RPCRT4.dll
0x00007ffcd62d0000 - 0x00007ffcd6470000 	C:\Windows\System32\USER32.dll
0x00007ffcd4840000 - 0x00007ffcd4862000 	C:\Windows\System32\win32u.dll
0x00007ffcd5490000 - 0x00007ffcd54ba000 	C:\Windows\System32\GDI32.dll
0x00007ffcd4870000 - 0x00007ffcd4979000 	C:\Windows\System32\gdi32full.dll
0x00007ffcd4640000 - 0x00007ffcd46dd000 	C:\Windows\System32\msvcp_win.dll
0x00007ffcd4980000 - 0x00007ffcd4a80000 	C:\Windows\System32\ucrtbase.dll
0x00007ffcc3f60000 - 0x00007ffcc41fb000 	C:\Windows\WinSxS\amd64_microsoft.windows.common-controls_6595b64144ccf1df_6.0.19041.488_none_ca04af081b815d21\COMCTL32.dll
0x00007ffcd6b60000 - 0x00007ffcd6b90000 	C:\Windows\System32\IMM32.DLL
0x00000000628e0000 - 0x00000000629b2000 	C:\Program Files\Android\Android Studio\jre\jre\bin\msvcr100.dll
0x0000000063720000 - 0x0000000063f6b000 	C:\Program Files\Android\Android Studio\jre\jre\bin\server\jvm.dll
0x00007ffcd4c90000 - 0x00007ffcd4c98000 	C:\Windows\System32\PSAPI.DLL
0x00007ffcc5700000 - 0x00007ffcc5727000 	C:\Windows\SYSTEM32\WINMM.dll
0x00007ffcc9960000 - 0x00007ffcc996a000 	C:\Windows\SYSTEM32\VERSION.dll
0x00007ffcceda0000 - 0x00007ffcceda9000 	C:\Windows\SYSTEM32\WSOCK32.dll
0x00007ffcd6af0000 - 0x00007ffcd6b5b000 	C:\Windows\System32\WS2_32.dll
0x00007ffcced70000 - 0x00007ffcced7f000 	C:\Program Files\Android\Android Studio\jre\jre\bin\verify.dll
0x00007ffcab540000 - 0x00007ffcab569000 	C:\Program Files\Android\Android Studio\jre\jre\bin\java.dll
0x00007ffcb7b30000 - 0x00007ffcb7b46000 	C:\Program Files\Android\Android Studio\jre\jre\bin\zip.dll
0x00007ffcd5570000 - 0x00007ffcd5cb1000 	C:\Windows\System32\SHELL32.dll
0x00007ffcd24c0000 - 0x00007ffcd2c55000 	C:\Windows\SYSTEM32\windows.storage.dll
0x00007ffcd4e40000 - 0x00007ffcd5195000 	C:\Windows\System32\combase.dll
0x00007ffcd3de0000 - 0x00007ffcd3e0c000 	C:\Windows\SYSTEM32\Wldp.dll
0x00007ffcd6470000 - 0x00007ffcd651e000 	C:\Windows\System32\SHCORE.dll
0x00007ffcd6270000 - 0x00007ffcd62c5000 	C:\Windows\System32\shlwapi.dll
0x00007ffcd42a0000 - 0x00007ffcd42c6000 	C:\Windows\SYSTEM32\profapi.dll
0x00007ffca8410000 - 0x00007ffca842a000 	C:\Program Files\Android\Android Studio\jre\jre\bin\net.dll
0x00007ffcd3b60000 - 0x00007ffcd3bca000 	C:\Windows\system32\mswsock.dll
0x00007ffcc42f0000 - 0x00007ffcc4303000 	C:\Program Files\Android\Android Studio\jre\jre\bin\nio.dll
0x00007ffca7230000 - 0x00007ffca7257000 	C:\Users\a-t-g\.gradle\native\f6784746aeab05261644944871eae4fe03e0ef1612fff0a4a95f87b438bc6780\windows-amd64\native-platform.dll
0x00007ffcc0610000 - 0x00007ffcc061d000 	C:\Program Files\Android\Android Studio\jre\jre\bin\management.dll
0x00007ffcd3d40000 - 0x00007ffcd3d58000 	C:\Windows\SYSTEM32\CRYPTSP.dll
0x00007ffcd3480000 - 0x00007ffcd34b4000 	C:\Windows\system32\rsaenh.dll
0x00007ffcd4b80000 - 0x00007ffcd4ba7000 	C:\Windows\System32\bcrypt.dll
0x00007ffcd4220000 - 0x00007ffcd424e000 	C:\Windows\SYSTEM32\USERENV.dll
0x00007ffcd4c10000 - 0x00007ffcd4c8f000 	C:\Windows\System32\bcryptprimitives.dll
0x00007ffcd3d30000 - 0x00007ffcd3d3c000 	C:\Windows\SYSTEM32\CRYPTBASE.dll
0x00007ffcd3800000 - 0x00007ffcd383b000 	C:\Windows\SYSTEM32\IPHLPAPI.DLL
0x00007ffcd6520000 - 0x00007ffcd6528000 	C:\Windows\System32\NSI.dll
0x00007ffccd7b0000 - 0x00007ffccd7c7000 	C:\Windows\SYSTEM32\dhcpcsvc6.DLL
0x00007ffccd9a0000 - 0x00007ffccd9bd000 	C:\Windows\SYSTEM32\dhcpcsvc.DLL
0x00007ffcd3850000 - 0x00007ffcd391b000 	C:\Windows\SYSTEM32\DNSAPI.dll
0x00007ffccd9c0000 - 0x00007ffccd9cb000 	C:\Windows\SYSTEM32\WINNSI.DLL
0x00007ffcb9690000 - 0x00007ffcb96b4000 	C:\Program Files\Android\Android Studio\jre\jre\bin\sunec.dll
0x00007ffccd210000 - 0x00007ffccd21a000 	C:\Windows\System32\rasadhlp.dll
0x00007ffcc9650000 - 0x00007ffcc96cf000 	C:\Windows\System32\fwpuclnt.dll
0x00007ffcccef0000 - 0x00007ffcccefb000 	C:\Program Files\Android\Android Studio\jre\jre\bin\sunmscapi.dll
0x00007ffcd46e0000 - 0x00007ffcd483d000 	C:\Windows\System32\CRYPT32.dll
0x00007ffcd30b0000 - 0x00007ffcd30e3000 	C:\Windows\SYSTEM32\ntmarta.dll
0x00007ffc957c0000 - 0x00007ffc9595c000 	C:\Program Files\Android\Android Studio\jre\jre\bin\awt.dll
0x00007ffcd6530000 - 0x00007ffcd65fd000 	C:\Windows\System32\OLEAUT32.dll
0x00007ffcd1fd0000 - 0x00007ffcd1fff000 	C:\Windows\SYSTEM32\dwmapi.dll
0x00007ffcd0a90000 - 0x00007ffcd1050000 	C:\Windows\SYSTEM32\d2d1.dll
0x00007ffcd1d00000 - 0x00007ffcd1d90000 	C:\Windows\SYSTEM32\apphelp.dll
0x00007ffcd1e00000 - 0x00007ffcd1e9e000 	C:\Windows\system32\uxtheme.dll
0x00007ffcc54f0000 - 0x00007ffcc550e000 	C:\Users\a-t-g\AppData\Local\Temp\native-platform2141146244765072233dir\native-platform.dll

VM Arguments:
jvm_args: -Xmx2048m -Dfile.encoding=UTF-8 -Duser.country=US -Duser.language=en -Duser.variant 
java_command: org.gradle.launcher.daemon.bootstrap.GradleDaemon 6.5
java_class_path (initial): C:\Users\a-t-g\.gradle\wrapper\dists\gradle-6.5-bin\6nifqtx7604sqp1q6g8wikw7p\gradle-6.5\lib\gradle-launcher-6.5.jar
Launcher Type: SUN_STANDARD

Environment Variables:
PATH=C:\Program Files\Common Files\Oracle\Java\javapath;C:\Program Files (x86)\Common Files\Oracle\Java\javapath;C:\Windows\system32;C:\Windows;C:\Windows\System32\Wbem;C:\Windows\System32\WindowsPowerShell\v1.0\;C:\Windows\System32\OpenSSH\;C:\Program Files (x86)\NVIDIA Corporation\PhysX\Common;C:\Program Files\NVIDIA Corporation\NVIDIA NvDLISR;C:\Program Files\Process Lasso\;C:\Program Files\Java\jdk1.8.0_271\bin;C:\Users\a-t-g\AppData\Local\Programs\Enthought\edm\;C:\Users\a-t-g\anaconda3;C:\Users\a-t-g\anaconda3\Library\mingw-w64\bin;C:\Users\a-t-g\anaconda3\Library\usr\bin;C:\Users\a-t-g\anaconda3\Library\bin;C:\Users\a-t-g\anaconda3\Scripts;C:\Users\a-t-g\AppData\Local\Microsoft\WindowsApps;C:\Users\a-t-g\AppData\Local\Programs\Microsoft VS Code\bin;C:\Program Files\JetBrains\IntelliJ IDEA Community Edition 2020.2.3\bin;
USERNAME=a-t-g
OS=Windows_NT
PROCESSOR_IDENTIFIER=Intel64 Family 6 Model 158 Stepping 9, GenuineIntel



---------------  S Y S T E M  ---------------

OS: Windows 10.0 , 64 bit Build 19041 (10.0.19041.546)

CPU:total 8 (initial active 8) (4 cores per cpu, 2 threads per core) family 6 model 158 stepping 9, cmov, cx8, fxsr, mmx, sse, sse2, sse3, ssse3, sse4.1, sse4.2, popcnt, avx, avx2, aes, clmul, erms, 3dnowpref, lzcnt, ht, tsc, tscinvbit, bmi1, bmi2, adx

Memory: 4k page, physical 16663160k(3582264k free), swap 16663160k(5124k free)

vm_info: OpenJDK 64-Bit Server VM (25.242-b01) for windows-amd64 JRE (1.8.0_242-release-1644-b01), built by "builder" with MS VC++ 10.0 (VS2010)

time: Fri Nov 27 18:11:53 2020
timezone: Turkey Standard Time
elapsed time: 457 seconds (0d 0h 7m 37s)

